Sun, 26 Jan 2020 04:46:10 GMT node-telegram-bot-api deprecated Automatic enabling of cancellation of promises is deprecated.
In the future, you will have to enable it yourself.
See https://github.com/yagop/node-telegram-bot-api/issues/319. at internal/modules/cjs/loader.js:689:30
{"message":"Matthew Kouzios requested a man call for nohup","level":"info"}
NOHUP(1)                                            User Commands                                            NOHUP(1)

NAME
       nohup - run a command immune to hangups, with output to a non-tty

SYNOPSIS
       nohup COMMAND [ARG]...
       nohup OPTION

DESCRIPTION
       Run COMMAND, ignoring hangup signals.

       --help display this help and exit

       --version
              output version information and exit

       If  standard  input  is  a  terminal,  redirect it from an unreadable file.  If standard output is a terminal,
       append output to 'nohup.out' if possible, '$HOME/nohup.out' otherwise.  If standard error is a terminal, redi‐
       rect it to standard output.  To save output to FILE, use 'nohup COMMAND > FILE'.

       NOTE:  your  shell  may  have  its  own version of nohup, which usually supersedes the version described here.
       Please refer to your shell's documentation for details about the options it supports.

AUTHOR
       Written by Jim Meyering.

REPORTING BUGS
       GNU coreutils online help: <http://www.gnu.org/software/coreutils/>
       Report nohup translation bugs to <http://translationproject.org/team/>

COPYRIGHT
       Copyright  ©  2016  Free  Software  Foundation,  Inc.   License  GPLv3+:  GNU   GPL   version   3   or   later
       <http://gnu.org/licenses/gpl.html>.
       This  is  free software: you are free to change and redistribute it.  There is NO WARRANTY, to the extent per‐
       mitted by law.

SEE ALSO
       Full documentation at: <http://www.gnu.org/software/coreutils/nohup>
       or available locally via: info '(coreutils) nohup invocation'

GNU coreutils 8.26                                  February 2017                                            NOHUP(1)

{"message":"Matthew Kouzios received a man call for nohup","level":"info"}
Unhandled rejection Error: ETELEGRAM: 400 Bad Request: can't parse entities: Unsupported start tag "http://www.gnu.org/software/coreutils/" at byte offset 1054
    at request.then.resp (/home/pi/projects/telegram-man-page-bot/node_modules/node-telegram-bot-api/src/telegram.js:283:15)
    at tryCatcher (/home/pi/projects/telegram-man-page-bot/node_modules/bluebird/js/release/util.js:16:23)
    at Promise._settlePromiseFromHandler (/home/pi/projects/telegram-man-page-bot/node_modules/bluebird/js/release/promise.js:547:31)
    at Promise._settlePromise (/home/pi/projects/telegram-man-page-bot/node_modules/bluebird/js/release/promise.js:604:18)
    at Promise._settlePromise0 (/home/pi/projects/telegram-man-page-bot/node_modules/bluebird/js/release/promise.js:649:10)
    at Promise._settlePromises (/home/pi/projects/telegram-man-page-bot/node_modules/bluebird/js/release/promise.js:729:18)
    at _drainQueueStep (/home/pi/projects/telegram-man-page-bot/node_modules/bluebird/js/release/async.js:93:12)
    at _drainQueue (/home/pi/projects/telegram-man-page-bot/node_modules/bluebird/js/release/async.js:86:9)
    at Async._drainQueues (/home/pi/projects/telegram-man-page-bot/node_modules/bluebird/js/release/async.js:102:5)
    at Immediate.Async.drainQueues [as _onImmediate] (/home/pi/projects/telegram-man-page-bot/node_modules/bluebird/js/release/async.js:15:14)
    at runCallback (timers.js:694:18)
    at tryOnImmediate (timers.js:665:5)
    at processImmediate (timers.js:647:5)
{"message":"Matthew Kouzios requested a man call for nohup","level":"info"}
NOHUP(1)                                            User Commands                                            NOHUP(1)

NAME
       nohup - run a command immune to hangups, with output to a non-tty

SYNOPSIS
       nohup COMMAND [ARG]...
       nohup OPTION

DESCRIPTION
       Run COMMAND, ignoring hangup signals.

       --help display this help and exit

       --version
              output version information and exit

       If  standard  input  is  a  terminal,  redirect it from an unreadable file.  If standard output is a terminal,
       append output to 'nohup.out' if possible, '$HOME/nohup.out' otherwise.  If standard error is a terminal, redi‐
       rect it to standard output.  To save output to FILE, use 'nohup COMMAND > FILE'.

       NOTE:  your  shell  may  have  its  own version of nohup, which usually supersedes the version described here.
       Please refer to your shell's documentation for details about the options it supports.

AUTHOR
       Written by Jim Meyering.

REPORTING BUGS
       GNU coreutils online help: <http://www.gnu.org/software/coreutils/>
       Report nohup translation bugs to <http://translationproject.org/team/>

COPYRIGHT
       Copyright  ©  2016  Free  Software  Foundation,  Inc.   License  GPLv3+:  GNU   GPL   version   3   or   later
       <http://gnu.org/licenses/gpl.html>.
       This  is  free software: you are free to change and redistribute it.  There is NO WARRANTY, to the extent per‐
       mitted by law.

SEE ALSO
       Full documentation at: <http://www.gnu.org/software/coreutils/nohup>
       or available locally via: info '(coreutils) nohup invocation'

GNU coreutils 8.26                                  February 2017                                            NOHUP(1)

{"message":"Matthew Kouzios received a man call for nohup","level":"info"}
Unhandled rejection Error: ETELEGRAM: 400 Bad Request: can't parse entities: Unsupported start tag "http://www.gnu.org/software/coreutils/" at byte offset 1054
    at request.then.resp (/home/pi/projects/telegram-man-page-bot/node_modules/node-telegram-bot-api/src/telegram.js:283:15)
    at tryCatcher (/home/pi/projects/telegram-man-page-bot/node_modules/bluebird/js/release/util.js:16:23)
    at Promise._settlePromiseFromHandler (/home/pi/projects/telegram-man-page-bot/node_modules/bluebird/js/release/promise.js:547:31)
    at Promise._settlePromise (/home/pi/projects/telegram-man-page-bot/node_modules/bluebird/js/release/promise.js:604:18)
    at Promise._settlePromise0 (/home/pi/projects/telegram-man-page-bot/node_modules/bluebird/js/release/promise.js:649:10)
    at Promise._settlePromises (/home/pi/projects/telegram-man-page-bot/node_modules/bluebird/js/release/promise.js:729:18)
    at _drainQueueStep (/home/pi/projects/telegram-man-page-bot/node_modules/bluebird/js/release/async.js:93:12)
    at _drainQueue (/home/pi/projects/telegram-man-page-bot/node_modules/bluebird/js/release/async.js:86:9)
    at Async._drainQueues (/home/pi/projects/telegram-man-page-bot/node_modules/bluebird/js/release/async.js:102:5)
    at Immediate.Async.drainQueues [as _onImmediate] (/home/pi/projects/telegram-man-page-bot/node_modules/bluebird/js/release/async.js:15:14)
    at runCallback (timers.js:694:18)
    at tryOnImmediate (timers.js:665:5)
    at processImmediate (timers.js:647:5)
{"message":"Matthew Kouzios requested a man call for nohup","level":"info"}
NOHUP(1)                                            User Commands                                            NOHUP(1)

NAME
       nohup - run a command immune to hangups, with output to a non-tty

SYNOPSIS
       nohup COMMAND [ARG]...
       nohup OPTION

DESCRIPTION
       Run COMMAND, ignoring hangup signals.

       --help display this help and exit

       --version
              output version information and exit

       If  standard  input  is  a  terminal,  redirect it from an unreadable file.  If standard output is a terminal,
       append output to 'nohup.out' if possible, '$HOME/nohup.out' otherwise.  If standard error is a terminal, redi‐
       rect it to standard output.  To save output to FILE, use 'nohup COMMAND > FILE'.

       NOTE:  your  shell  may  have  its  own version of nohup, which usually supersedes the version described here.
       Please refer to your shell's documentation for details about the options it supports.

AUTHOR
       Written by Jim Meyering.

REPORTING BUGS
       GNU coreutils online help: <http://www.gnu.org/software/coreutils/>
       Report nohup translation bugs to <http://translationproject.org/team/>

COPYRIGHT
       Copyright  ©  2016  Free  Software  Foundation,  Inc.   License  GPLv3+:  GNU   GPL   version   3   or   later
       <http://gnu.org/licenses/gpl.html>.
       This  is  free software: you are free to change and redistribute it.  There is NO WARRANTY, to the extent per‐
       mitted by law.

SEE ALSO
       Full documentation at: <http://www.gnu.org/software/coreutils/nohup>
       or available locally via: info '(coreutils) nohup invocation'

GNU coreutils 8.26                                  February 2017                                            NOHUP(1)

{"message":"Matthew Kouzios received a man call for nohup","level":"info"}
Unhandled rejection Error: ETELEGRAM: 400 Bad Request: can't parse entities: Unsupported start tag "http://www.gnu.org/software/coreutils/" at byte offset 1054
    at request.then.resp (/home/pi/projects/telegram-man-page-bot/node_modules/node-telegram-bot-api/src/telegram.js:283:15)
    at tryCatcher (/home/pi/projects/telegram-man-page-bot/node_modules/bluebird/js/release/util.js:16:23)
    at Promise._settlePromiseFromHandler (/home/pi/projects/telegram-man-page-bot/node_modules/bluebird/js/release/promise.js:547:31)
    at Promise._settlePromise (/home/pi/projects/telegram-man-page-bot/node_modules/bluebird/js/release/promise.js:604:18)
    at Promise._settlePromise0 (/home/pi/projects/telegram-man-page-bot/node_modules/bluebird/js/release/promise.js:649:10)
    at Promise._settlePromises (/home/pi/projects/telegram-man-page-bot/node_modules/bluebird/js/release/promise.js:729:18)
    at _drainQueueStep (/home/pi/projects/telegram-man-page-bot/node_modules/bluebird/js/release/async.js:93:12)
    at _drainQueue (/home/pi/projects/telegram-man-page-bot/node_modules/bluebird/js/release/async.js:86:9)
    at Async._drainQueues (/home/pi/projects/telegram-man-page-bot/node_modules/bluebird/js/release/async.js:102:5)
    at Immediate.Async.drainQueues [as _onImmediate] (/home/pi/projects/telegram-man-page-bot/node_modules/bluebird/js/release/async.js:15:14)
    at runCallback (timers.js:694:18)
    at tryOnImmediate (timers.js:665:5)
    at processImmediate (timers.js:647:5)
error: [polling_error] {"code":"ETELEGRAM","message":"ETELEGRAM: 409 Conflict: terminated by other getUpdates request; make sure that only one bot instance is running"}
error: [polling_error] {"code":"ETELEGRAM","message":"ETELEGRAM: 409 Conflict: terminated by other getUpdates request; make sure that only one bot instance is running"}
{"message":"Matthew Kouzios requested a man call for nohup","level":"info"}
NOHUP(1)                                            User Commands                                            NOHUP(1)

NAME
       nohup - run a command immune to hangups, with output to a non-tty

SYNOPSIS
       nohup COMMAND [ARG]...
       nohup OPTION

DESCRIPTION
       Run COMMAND, ignoring hangup signals.

       --help display this help and exit

       --version
              output version information and exit

       If  standard  input  is  a  terminal,  redirect it from an unreadable file.  If standard output is a terminal,
       append output to 'nohup.out' if possible, '$HOME/nohup.out' otherwise.  If standard error is a terminal, redi‐
       rect it to standard output.  To save output to FILE, use 'nohup COMMAND > FILE'.

       NOTE:  your  shell  may  have  its  own version of nohup, which usually supersedes the version described here.
       Please refer to your shell's documentation for details about the options it supports.

AUTHOR
       Written by Jim Meyering.

REPORTING BUGS
       GNU coreutils online help: <http://www.gnu.org/software/coreutils/>
       Report nohup translation bugs to <http://translationproject.org/team/>

COPYRIGHT
       Copyright  ©  2016  Free  Software  Foundation,  Inc.   License  GPLv3+:  GNU   GPL   version   3   or   later
       <http://gnu.org/licenses/gpl.html>.
       This  is  free software: you are free to change and redistribute it.  There is NO WARRANTY, to the extent per‐
       mitted by law.

SEE ALSO
       Full documentation at: <http://www.gnu.org/software/coreutils/nohup>
       or available locally via: info '(coreutils) nohup invocation'

GNU coreutils 8.26                                  February 2017                                            NOHUP(1)

{"message":"Matthew Kouzios received a man call for nohup","level":"info"}
Unhandled rejection Error: ETELEGRAM: 400 Bad Request: can't parse entities: Unsupported start tag "http://www.gnu.org/software/coreutils/" at byte offset 1054
    at request.then.resp (/home/pi/projects/telegram-man-page-bot/node_modules/node-telegram-bot-api/src/telegram.js:283:15)
    at tryCatcher (/home/pi/projects/telegram-man-page-bot/node_modules/bluebird/js/release/util.js:16:23)
    at Promise._settlePromiseFromHandler (/home/pi/projects/telegram-man-page-bot/node_modules/bluebird/js/release/promise.js:547:31)
    at Promise._settlePromise (/home/pi/projects/telegram-man-page-bot/node_modules/bluebird/js/release/promise.js:604:18)
    at Promise._settlePromise0 (/home/pi/projects/telegram-man-page-bot/node_modules/bluebird/js/release/promise.js:649:10)
    at Promise._settlePromises (/home/pi/projects/telegram-man-page-bot/node_modules/bluebird/js/release/promise.js:729:18)
    at _drainQueueStep (/home/pi/projects/telegram-man-page-bot/node_modules/bluebird/js/release/async.js:93:12)
    at _drainQueue (/home/pi/projects/telegram-man-page-bot/node_modules/bluebird/js/release/async.js:86:9)
    at Async._drainQueues (/home/pi/projects/telegram-man-page-bot/node_modules/bluebird/js/release/async.js:102:5)
    at Immediate.Async.drainQueues [as _onImmediate] (/home/pi/projects/telegram-man-page-bot/node_modules/bluebird/js/release/async.js:15:14)
    at runCallback (timers.js:694:18)
    at tryOnImmediate (timers.js:665:5)
    at processImmediate (timers.js:647:5)
{"message":"Matthew Kouzios requested a man call for nohup","level":"info"}
NOHUP(1)                                            User Commands                                            NOHUP(1)

NAME
       nohup - run a command immune to hangups, with output to a non-tty

SYNOPSIS
       nohup COMMAND [ARG]...
       nohup OPTION

DESCRIPTION
       Run COMMAND, ignoring hangup signals.

       --help display this help and exit

       --version
              output version information and exit

       If  standard  input  is  a  terminal,  redirect it from an unreadable file.  If standard output is a terminal,
       append output to 'nohup.out' if possible, '$HOME/nohup.out' otherwise.  If standard error is a terminal, redi‐
       rect it to standard output.  To save output to FILE, use 'nohup COMMAND > FILE'.

       NOTE:  your  shell  may  have  its  own version of nohup, which usually supersedes the version described here.
       Please refer to your shell's documentation for details about the options it supports.

AUTHOR
       Written by Jim Meyering.

REPORTING BUGS
       GNU coreutils online help: <http://www.gnu.org/software/coreutils/>
       Report nohup translation bugs to <http://translationproject.org/team/>

COPYRIGHT
       Copyright  ©  2016  Free  Software  Foundation,  Inc.   License  GPLv3+:  GNU   GPL   version   3   or   later
       <http://gnu.org/licenses/gpl.html>.
       This  is  free software: you are free to change and redistribute it.  There is NO WARRANTY, to the extent per‐
       mitted by law.

SEE ALSO
       Full documentation at: <http://www.gnu.org/software/coreutils/nohup>
       or available locally via: info '(coreutils) nohup invocation'

GNU coreutils 8.26                                  February 2017                                            NOHUP(1)

{"message":"Matthew Kouzios received a man call for nohup","level":"info"}
Unhandled rejection Error: ETELEGRAM: 400 Bad Request: can't parse entities: Unsupported start tag "http://www.gnu.org/software/coreutils/" at byte offset 1054
    at request.then.resp (/home/pi/projects/telegram-man-page-bot/node_modules/node-telegram-bot-api/src/telegram.js:283:15)
    at tryCatcher (/home/pi/projects/telegram-man-page-bot/node_modules/bluebird/js/release/util.js:16:23)
    at Promise._settlePromiseFromHandler (/home/pi/projects/telegram-man-page-bot/node_modules/bluebird/js/release/promise.js:547:31)
    at Promise._settlePromise (/home/pi/projects/telegram-man-page-bot/node_modules/bluebird/js/release/promise.js:604:18)
    at Promise._settlePromise0 (/home/pi/projects/telegram-man-page-bot/node_modules/bluebird/js/release/promise.js:649:10)
    at Promise._settlePromises (/home/pi/projects/telegram-man-page-bot/node_modules/bluebird/js/release/promise.js:729:18)
    at _drainQueueStep (/home/pi/projects/telegram-man-page-bot/node_modules/bluebird/js/release/async.js:93:12)
    at _drainQueue (/home/pi/projects/telegram-man-page-bot/node_modules/bluebird/js/release/async.js:86:9)
    at Async._drainQueues (/home/pi/projects/telegram-man-page-bot/node_modules/bluebird/js/release/async.js:102:5)
    at Immediate.Async.drainQueues [as _onImmediate] (/home/pi/projects/telegram-man-page-bot/node_modules/bluebird/js/release/async.js:15:14)
    at runCallback (timers.js:694:18)
    at tryOnImmediate (timers.js:665:5)
    at processImmediate (timers.js:647:5)
Sun, 26 Jan 2020 04:51:20 GMT node-telegram-bot-api deprecated Automatic enabling of cancellation of promises is deprecated.
In the future, you will have to enable it yourself.
See https://github.com/yagop/node-telegram-bot-api/issues/319. at internal/modules/cjs/loader.js:689:30
{"message":"Matthew Kouzios requested a man call for nohup","level":"info"}
NOHUP(1)                                            User Commands                                            NOHUP(1)

NAME
       nohup - run a command immune to hangups, with output to a non-tty

SYNOPSIS
       nohup COMMAND [ARG]...
       nohup OPTION

DESCRIPTION
       Run COMMAND, ignoring hangup signals.

       --help display this help and exit

       --version
              output version information and exit

       If  standard  input  is  a  terminal,  redirect it from an unreadable file.  If standard output is a terminal,
       append output to 'nohup.out' if possible, '$HOME/nohup.out' otherwise.  If standard error is a terminal, redi‐
       rect it to standard output.  To save output to FILE, use 'nohup COMMAND > FILE'.

       NOTE:  your  shell  may  have  its  own version of nohup, which usually supersedes the version described here.
       Please refer to your shell's documentation for details about the options it supports.

AUTHOR
       Written by Jim Meyering.

REPORTING BUGS
       GNU coreutils online help: <http://www.gnu.org/software/coreutils/>
       Report nohup translation bugs to <http://translationproject.org/team/>

COPYRIGHT
       Copyright  ©  2016  Free  Software  Foundation,  Inc.   License  GPLv3+:  GNU   GPL   version   3   or   later
       <http://gnu.org/licenses/gpl.html>.
       This  is  free software: you are free to change and redistribute it.  There is NO WARRANTY, to the extent per‐
       mitted by law.

SEE ALSO
       Full documentation at: <http://www.gnu.org/software/coreutils/nohup>
       or available locally via: info '(coreutils) nohup invocation'

GNU coreutils 8.26                                  February 2017                                            NOHUP(1)

{"message":"Matthew Kouzios received a man call for nohup","level":"info"}
